2022-08-08 22:07:05.150  INFO 15392 --- [main] mao.service_acl.ServiceAclApplication    : No active profile set, falling back to default profiles: default
2022-08-08 22:07:06.295  INFO 15392 --- [main] .s.d.r.c.RepositoryConfigurationDelegate : Multiple Spring Data modules found, entering strict repository configuration mode!
2022-08-08 22:07:06.299  INFO 15392 --- [main] .s.d.r.c.RepositoryConfigurationDelegate : Bootstrapping Spring Data Redis repositories in DEFAULT mode.
2022-08-08 22:07:06.363  INFO 15392 --- [main] .s.d.r.c.RepositoryConfigurationDelegate : Finished Spring Data repository scanning in 37ms. Found 0 Redis repository interfaces.
2022-08-08 22:07:06.684  INFO 15392 --- [main] o.s.cloud.context.scope.GenericScope     : BeanFactory id=81c6dace-3b06-3602-9a30-5f2d6ca6d15d
2022-08-08 22:07:07.201  INFO 15392 --- [main] trationDelegate$BeanPostProcessorChecker : Bean 'org.springframework.security.access.expression.method.DefaultMethodSecurityExpressionHandler@774698ab' of type [org.springframework.security.access.expression.method.DefaultMethodSecurityExpressionHandler] is not eligible for getting processed by all BeanPostProcessors (for example: not eligible for auto-proxying)
2022-08-08 22:07:07.206  INFO 15392 --- [main] trationDelegate$BeanPostProcessorChecker : Bean 'methodSecurityMetadataSource' of type [org.springframework.security.access.method.DelegatingMethodSecurityMetadataSource] is not eligible for getting processed by all BeanPostProcessors (for example: not eligible for auto-proxying)
2022-08-08 22:07:07.702  INFO 15392 --- [main] o.s.b.w.embedded.tomcat.TomcatWebServer  : Tomcat initialized with port(s): 8084 (http)
2022-08-08 22:07:07.725  INFO 15392 --- [main] o.apache.catalina.core.StandardService   : Starting service [Tomcat]
2022-08-08 22:07:07.726  INFO 15392 --- [main] org.apache.catalina.core.StandardEngine  : Starting Servlet engine: [Apache Tomcat/9.0.43]
2022-08-08 22:07:07.844  INFO 15392 --- [main] o.a.c.c.C.[Tomcat].[localhost].[/]       : Initializing Spring embedded WebApplicationContext
2022-08-08 22:07:07.844  INFO 15392 --- [main] w.s.c.ServletWebServerApplicationContext : Root WebApplicationContext: initialization completed in 2658 ms
2022-08-08 22:07:08.659  INFO 15392 --- [main] .s.s.UserDetailsServiceAutoConfiguration : 

Using generated security password: 89a7c676-f48d-4304-90f1-d37c27d889a5

2022-08-08 22:07:08.744 DEBUG 15392 --- [main] m.s.config.TokenSecurityConfig           : º”‘ÿTokenSecurityConfig
2022-08-08 22:07:08.919  INFO 15392 --- [main] o.s.s.web.DefaultSecurityFilterChain     : Creating filter chain: Ant [pattern='/api/**'], []
2022-08-08 22:07:08.920  INFO 15392 --- [main] o.s.s.web.DefaultSecurityFilterChain     : Creating filter chain: Ant [pattern='/test1'], []
2022-08-08 22:07:08.970  INFO 15392 --- [main] o.s.s.web.DefaultSecurityFilterChain     : Creating filter chain: any request, [org.springframework.security.web.context.request.async.WebAsyncManagerIntegrationFilter@7c9b78e3, org.springframework.security.web.context.SecurityContextPersistenceFilter@e8fadb0, org.springframework.security.web.header.HeaderWriterFilter@469d003c, org.springframework.security.web.authentication.logout.LogoutFilter@5ec77191, mao.spring_security.filter.TokenLoginFilter@3068b369, mao.spring_security.filter.TokenAuthFilter@17ca8b92, org.springframework.security.web.authentication.www.BasicAuthenticationFilter@61e45f87, org.springframework.security.web.savedrequest.RequestCacheAwareFilter@53667cbe, org.springframework.security.web.servletapi.SecurityContextHolderAwareRequestFilter@464a4442, org.springframework.security.web.authentication.AnonymousAuthenticationFilter@5491f68b, org.springframework.security.web.session.SessionManagementFilter@57bd2029, org.springframework.security.web.access.ExceptionTranslationFilter@3a60c416, org.springframework.security.web.access.intercept.FilterSecurityInterceptor@591fd34d]
2022-08-08 22:07:09.012  WARN 15392 --- [main] c.n.c.sources.URLConfigurationSource     : No URLs will be polled as dynamic configuration sources.
2022-08-08 22:07:09.013  INFO 15392 --- [main] c.n.c.sources.URLConfigurationSource     : To enable URLs as dynamic configuration sources, define System property archaius.configurationSource.additionalUrls or make config.properties available on classpath.
2022-08-08 22:07:09.023  WARN 15392 --- [main] c.n.c.sources.URLConfigurationSource     : No URLs will be polled as dynamic configuration sources.
2022-08-08 22:07:09.023  INFO 15392 --- [main] c.n.c.sources.URLConfigurationSource     : To enable URLs as dynamic configuration sources, define System property archaius.configurationSource.additionalUrls or make config.properties available on classpath.
2022-08-08 22:07:09.304  INFO 15392 --- [main] o.s.s.concurrent.ThreadPoolTaskExecutor  : Initializing ExecutorService 'applicationTaskExecutor'
2022-08-08 22:07:09.699  INFO 15392 --- [main] o.s.s.c.ThreadPoolTaskScheduler          : Initializing ExecutorService 'Nacos-Watch-Task-Scheduler'
2022-08-08 22:07:09.796  INFO 15392 --- [main] c.a.d.s.b.a.DruidDataSourceAutoConfigure : Init DruidDataSource
2022-08-08 22:07:10.029  INFO 15392 --- [main] com.alibaba.druid.pool.DruidDataSource   : {dataSource-1} inited
2022-08-08 22:07:11.270  INFO 15392 --- [main] o.s.b.w.embedded.tomcat.TomcatWebServer  : Tomcat started on port(s): 8084 (http) with context path ''
2022-08-08 22:07:11.286 ERROR 15392 --- [main] c.a.c.n.registry.NacosServiceRegistry    : nacos registry, service-acl register failed...NacosRegistration{nacosDiscoveryProperties=NacosDiscoveryProperties{serverAddr='localhost:8848', endpoint='', namespace='', watchDelay=30000, logName='', service='service-acl', weight=1.0, clusterName='DEFAULT', group='DEFAULT_GROUP', namingLoadCacheAtStart='false', metadata={preserved.register.source=SPRING_CLOUD}, registerEnabled=true, ip='192.168.202.1', networkInterface='', port=8084, secure=false, accessKey='', secretKey='', heartBeatInterval=null, heartBeatTimeout=null, ipDeleteTimeout=null, failFast=true}},

com.alibaba.nacos.api.exception.NacosException: failed to req API:/nacos/v1/ns/instance after all servers([localhost:8848]) tried: java.net.ConnectException: Connection refused: no further information
	at com.alibaba.nacos.client.naming.net.NamingProxy.reqApi(NamingProxy.java:556) ~[nacos-client-1.4.2.jar!/:na]
	at com.alibaba.nacos.client.naming.net.NamingProxy.reqApi(NamingProxy.java:498) ~[nacos-client-1.4.2.jar!/:na]
	at com.alibaba.nacos.client.naming.net.NamingProxy.reqApi(NamingProxy.java:493) ~[nacos-client-1.4.2.jar!/:na]
	at com.alibaba.nacos.client.naming.net.NamingProxy.registerService(NamingProxy.java:246) ~[nacos-client-1.4.2.jar!/:na]
	at com.alibaba.nacos.client.naming.NacosNamingService.registerInstance(NacosNamingService.java:212) ~[nacos-client-1.4.2.jar!/:na]
	at com.alibaba.cloud.nacos.registry.NacosServiceRegistry.register(NacosServiceRegistry.java:74) ~[spring-cloud-starter-alibaba-nacos-discovery-2.2.6.RELEASE.jar!/:2.2.6.RELEASE]
	at org.springframework.cloud.client.serviceregistry.AbstractAutoServiceRegistration.register(AbstractAutoServiceRegistration.java:239) ~[spring-cloud-commons-2.2.7.RELEASE.jar!/:2.2.7.RELEASE]
	at com.alibaba.cloud.nacos.registry.NacosAutoServiceRegistration.register(NacosAutoServiceRegistration.java:78) ~[spring-cloud-starter-alibaba-nacos-discovery-2.2.6.RELEASE.jar!/:2.2.6.RELEASE]
	at org.springframework.cloud.client.serviceregistry.AbstractAutoServiceRegistration.start(AbstractAutoServiceRegistration.java:138) ~[spring-cloud-commons-2.2.7.RELEASE.jar!/:2.2.7.RELEASE]
	at org.springframework.cloud.client.serviceregistry.AbstractAutoServiceRegistration.bind(AbstractAutoServiceRegistration.java:101) ~[spring-cloud-commons-2.2.7.RELEASE.jar!/:2.2.7.RELEASE]
	at org.springframework.cloud.client.serviceregistry.AbstractAutoServiceRegistration.onApplicationEvent(AbstractAutoServiceRegistration.java:88) ~[spring-cloud-commons-2.2.7.RELEASE.jar!/:2.2.7.RELEASE]
	at org.springframework.cloud.client.serviceregistry.AbstractAutoServiceRegistration.onApplicationEvent(AbstractAutoServiceRegistration.java:47) ~[spring-cloud-commons-2.2.7.RELEASE.jar!/:2.2.7.RELEASE]
	at org.springframework.context.event.SimpleApplicationEventMulticaster.doInvokeListener(SimpleApplicationEventMulticaster.java:172) ~[spring-context-5.2.13.RELEASE.jar!/:5.2.13.RELEASE]
	at org.springframework.context.event.SimpleApplicationEventMulticaster.invokeListener(SimpleApplicationEventMulticaster.java:165) ~[spring-context-5.2.13.RELEASE.jar!/:5.2.13.RELEASE]
	at org.springframework.context.event.SimpleApplicationEventMulticaster.multicastEvent(SimpleApplicationEventMulticaster.java:139) ~[spring-context-5.2.13.RELEASE.jar!/:5.2.13.RELEASE]
	at org.springframework.context.support.AbstractApplicationContext.publishEvent(AbstractApplicationContext.java:404) ~[spring-context-5.2.13.RELEASE.jar!/:5.2.13.RELEASE]
	at org.springframework.context.support.AbstractApplicationContext.publishEvent(AbstractApplicationContext.java:361) ~[spring-context-5.2.13.RELEASE.jar!/:5.2.13.RELEASE]
	at org.springframework.boot.web.servlet.context.WebServerStartStopLifecycle.start(WebServerStartStopLifecycle.java:46) ~[spring-boot-2.3.9.RELEASE.jar!/:2.3.9.RELEASE]
	at org.springframework.context.support.DefaultLifecycleProcessor.doStart(DefaultLifecycleProcessor.java:182) ~[spring-context-5.2.13.RELEASE.jar!/:5.2.13.RELEASE]
	at org.springframework.context.support.DefaultLifecycleProcessor.access$200(DefaultLifecycleProcessor.java:53) ~[spring-context-5.2.13.RELEASE.jar!/:5.2.13.RELEASE]
	at org.springframework.context.support.DefaultLifecycleProcessor$LifecycleGroup.start(DefaultLifecycleProcessor.java:360) ~[spring-context-5.2.13.RELEASE.jar!/:5.2.13.RELEASE]
	at org.springframework.context.support.DefaultLifecycleProcessor.startBeans(DefaultLifecycleProcessor.java:158) ~[spring-context-5.2.13.RELEASE.jar!/:5.2.13.RELEASE]
	at org.springframework.context.support.DefaultLifecycleProcessor.onRefresh(DefaultLifecycleProcessor.java:122) ~[spring-context-5.2.13.RELEASE.jar!/:5.2.13.RELEASE]
	at org.springframework.context.support.AbstractApplicationContext.finishRefresh(AbstractApplicationContext.java:895) ~[spring-context-5.2.13.RELEASE.jar!/:5.2.13.RELEASE]
	at org.springframework.context.support.AbstractApplicationContext.refresh(AbstractApplicationContext.java:554) ~[spring-context-5.2.13.RELEASE.jar!/:5.2.13.RELEASE]
	at org.springframework.boot.web.servlet.context.ServletWebServerApplicationContext.refresh(ServletWebServerApplicationContext.java:143) ~[spring-boot-2.3.9.RELEASE.jar!/:2.3.9.RELEASE]
	at org.springframework.boot.SpringApplication.refresh(SpringApplication.java:758) ~[spring-boot-2.3.9.RELEASE.jar!/:2.3.9.RELEASE]
	at org.springframework.boot.SpringApplication.refresh(SpringApplication.java:750) ~[spring-boot-2.3.9.RELEASE.jar!/:2.3.9.RELEASE]
	at org.springframework.boot.SpringApplication.refreshContext(SpringApplication.java:405) ~[spring-boot-2.3.9.RELEASE.jar!/:2.3.9.RELEASE]
	at org.springframework.boot.SpringApplication.run(SpringApplication.java:315) ~[spring-boot-2.3.9.RELEASE.jar!/:2.3.9.RELEASE]
	at org.springframework.boot.SpringApplication.run(SpringApplication.java:1237) ~[spring-boot-2.3.9.RELEASE.jar!/:2.3.9.RELEASE]
	at org.springframework.boot.SpringApplication.run(SpringApplication.java:1226) ~[spring-boot-2.3.9.RELEASE.jar!/:2.3.9.RELEASE]
	at mao.service_acl.ServiceAclApplication.main(ServiceAclApplication.java:17) ~[classes!/:0.0.1]
	at java.base/jdk.internal.reflect.NativeMethodAccessorImpl.invoke0(Native Method) ~[na:na]
	at java.base/jdk.internal.reflect.NativeMethodAccessorImpl.invoke(NativeMethodAccessorImpl.java:78) ~[na:na]
	at java.base/jdk.internal.reflect.DelegatingMethodAccessorImpl.invoke(DelegatingMethodAccessorImpl.java:43) ~[na:na]
	at java.base/java.lang.reflect.Method.invoke(Method.java:567) ~[na:na]
	at org.springframework.boot.loader.MainMethodRunner.run(MainMethodRunner.java:49) ~[service_acl-0.0.1.jar:0.0.1]
	at org.springframework.boot.loader.Launcher.launch(Launcher.java:107) ~[service_acl-0.0.1.jar:0.0.1]
	at org.springframework.boot.loader.Launcher.launch(Launcher.java:58) ~[service_acl-0.0.1.jar:0.0.1]
	at org.springframework.boot.loader.JarLauncher.main(JarLauncher.java:88) ~[service_acl-0.0.1.jar:0.0.1]

2022-08-08 22:07:11.287  WARN 15392 --- [main] ConfigServletWebServerApplicationContext : Exception encountered during context initialization - cancelling refresh attempt: org.springframework.context.ApplicationContextException: Failed to start bean 'webServerStartStop'; nested exception is java.lang.reflect.UndeclaredThrowableException
2022-08-08 22:07:11.289  INFO 15392 --- [main] com.alibaba.druid.pool.DruidDataSource   : {dataSource-1} closing ...
2022-08-08 22:07:11.291  INFO 15392 --- [main] com.alibaba.druid.pool.DruidDataSource   : {dataSource-1} closed
